0 info it worked if it ends with ok
1 verbose cli [ 'C:\\Program Files\\nodejs\\\\node.exe',
1 verbose cli   'C:\\Program Files\\nodejs\\node_modules\\npm\\bin\\npm-cli.js',
1 verbose cli   'install',
1 verbose cli   'android' ]
2 info using npm@1.4.14
3 info using node@v0.10.29
4 verbose node symlink C:\Program Files\nodejs\\node.exe
5 verbose cache add [ 'android', null ]
6 verbose cache add name=undefined spec="android" args=["android",null]
7 verbose parsed url { protocol: null,
7 verbose parsed url   slashes: null,
7 verbose parsed url   auth: null,
7 verbose parsed url   host: null,
7 verbose parsed url   port: null,
7 verbose parsed url   hostname: null,
7 verbose parsed url   hash: null,
7 verbose parsed url   search: null,
7 verbose parsed url   query: null,
7 verbose parsed url   pathname: 'android',
7 verbose parsed url   path: 'android',
7 verbose parsed url   href: 'android' }
8 silly lockFile e4bbe5b7-android android
9 verbose lock android C:\Users\Shelia\AppData\Roaming\npm-cache\e4bbe5b7-android.lock
10 silly lockFile e4bbe5b7-android android
11 silly lockFile e4bbe5b7-android android
12 verbose addNamed [ 'android', '' ]
13 verbose addNamed [ null, '*' ]
14 silly lockFile 0c7aa45d-android android@
15 verbose lock android@ C:\Users\Shelia\AppData\Roaming\npm-cache\0c7aa45d-android.lock
16 silly addNameRange { name: 'android', range: '*', hasData: false }
17 verbose url raw android
18 verbose url resolving [ 'https://registry.npmjs.org/', './android' ]
19 verbose url resolved https://registry.npmjs.org/android
20 info trying registry request attempt 1 at 19:33:57
21 http GET https://registry.npmjs.org/android
22 http 200 https://registry.npmjs.org/android
23 silly registry.get cb [ 200,
23 silly registry.get   { date: 'Mon, 04 Aug 2014 00:34:02 GMT',
23 silly registry.get     server: 'CouchDB/1.5.0 (Erlang OTP/R16B03)',
23 silly registry.get     etag: '"5PVNM30JJPE19CL4P05NFEI0N"',
23 silly registry.get     'content-type': 'application/json',
23 silly registry.get     'cache-control': 'max-age=60',
23 silly registry.get     'content-length': '5588',
23 silly registry.get     'accept-ranges': 'bytes',
23 silly registry.get     via: '1.1 varnish',
23 silly registry.get     age: '0',
23 silly registry.get     'x-served-by': 'cache-ord1726-ORD',
23 silly registry.get     'x-cache': 'MISS',
23 silly registry.get     'x-cache-hits': '0',
23 silly registry.get     'x-timer': 'S1407112442.216913,VS0,VE302',
23 silly registry.get     vary: 'Accept',
23 silly registry.get     'keep-alive': 'timeout=10, max=50',
23 silly registry.get     connection: 'Keep-Alive' } ]
24 silly addNameRange number 2 { name: 'android', range: '*', hasData: true }
25 silly addNameRange versions [ 'android',
25 silly addNameRange   [ '0.0.0', '0.0.1', '0.0.6', '0.0.7', '0.0.5-cd' ] ]
26 verbose addNamed [ 'android', '0.0.7' ]
27 verbose addNamed [ '0.0.7', '0.0.7' ]
28 silly lockFile a58b0c1b-android-0-0-7 android@0.0.7
29 verbose lock android@0.0.7 C:\Users\Shelia\AppData\Roaming\npm-cache\a58b0c1b-android-0-0-7.lock
30 silly lockFile 27db3861-js-org-android-android-0-0-7-tgz https://registry.npmjs.org/android/-/android-0.0.7.tgz
31 verbose lock https://registry.npmjs.org/android/-/android-0.0.7.tgz C:\Users\Shelia\AppData\Roaming\npm-cache\27db3861-js-org-android-android-0-0-7-tgz.lock
32 verbose addRemoteTarball [ 'https://registry.npmjs.org/android/-/android-0.0.7.tgz',
32 verbose addRemoteTarball   'c7be841df0340e6bc718fc42a935b14f30c42348' ]
33 info retry fetch attempt 1 at 19:33:57
34 verbose fetch to= C:\Users\Shelia\AppData\Local\Temp\npm-5612-0tU2aDU9\registry.npmjs.org\android\-\android-0.0.7.tgz
35 http GET https://registry.npmjs.org/android/-/android-0.0.7.tgz
36 http 404 https://registry.npmjs.org/android/-/android-0.0.7.tgz
37 error fetch failed https://registry.npmjs.org/android/-/android-0.0.7.tgz
38 silly lockFile 27db3861-js-org-android-android-0-0-7-tgz https://registry.npmjs.org/android/-/android-0.0.7.tgz
39 silly lockFile 27db3861-js-org-android-android-0-0-7-tgz https://registry.npmjs.org/android/-/android-0.0.7.tgz
40 silly lockFile a58b0c1b-android-0-0-7 android@0.0.7
41 silly lockFile a58b0c1b-android-0-0-7 android@0.0.7
42 silly lockFile 0c7aa45d-android android@
43 silly lockFile 0c7aa45d-android android@
44 error Error: 404 Not Found
44 error     at WriteStream.<anonymous> (C:\Program Files\nodejs\node_modules\npm\lib\utils\fetch.js:58:12)
44 error     at WriteStream.emit (events.js:117:20)
44 error     at fs.js:1603:14
44 error     at C:\Program Files\nodejs\node_modules\npm\node_modules\graceful-fs\graceful-fs.js:105:5
44 error     at Object.oncomplete (fs.js:107:15)
45 error If you need help, you may report this *entire* log,
45 error including the npm and node versions, at:
45 error     <http://github.com/npm/npm/issues>
46 error System Windows_NT 6.1.7601
47 error command "C:\\Program Files\\nodejs\\\\node.exe" "C:\\Program Files\\nodejs\\node_modules\\npm\\bin\\npm-cli.js" "install" "android"
48 error cwd C:\Android\github\KindleSuite\data
49 error node -v v0.10.29
50 error npm -v 1.4.14
51 verbose exit [ 1, true ]
